<?xml version="1.0" encoding="UTF-8" ?>
<testsuite errors="0" failures="1" hostname="Phan-Tung" name="dal.UserDAOTest" skipped="0" tests="1" time="0.476" timestamp="2023-07-17T18:53:25">
  <properties>
    <property name="libs.jsp-compiler.javadoc" value="" />
    <property name="netbeans.autoupdate.country" value="US" />
    <property name="libs.jakartaee-web-api-8.0.src" value="" />
    <property name="libs.graaljs.maven-pom" value="" />
    <property name="javac.test.classpath" value="D:\SWT\Food App\jakarta.servlet.jsp.jstl-2.0.0.jar:D:\SWT\Food App\jakarta.servlet.jsp.jstl-api-2.0.0.jar:D:\SWT\Food App\lombok.jar:D:\SWT\Food App\sqljdbc42.jar:build/web/WEB-INF/classes:C:\Program Files\NetBeans-13\netbeans\platform\modules\ext\junit-4.13.2.jar:C:\Program Files\NetBeans-13\netbeans\platform\modules\ext\hamcrest-core-1.3.jar" />
    <property name="libs.jsf20.maven-pom" value="" />
    <property name="j2ee.copy.static.files.on.save" value="true" />
    <property name="source.root" value="src" />
    <property name="do.display.browser" value="true" />
    <property name="maven.defaultProjectBuilder.disableGlobalModelCache" value="true" />
    <property name="libs.spring-webmvc4.0.src" value="" />
    <property name="javac.includes" value="dal/UserDAOTest.java" />
    <property name="ant.core.lib" value="C:\Program Files\NetBeans-13\netbeans\extide\ant\lib\ant.jar" />
    <property name="javadoc.windowtitle" value="" />
    <property name="libs.jsp-compilation.javadoc" value="" />
    <property name="user.dir" value="D:\SWT\Food App\ProjectPRJ\ProjectPRJ" />
    <property name="libs.javaee-api-7.0.src" value="" />
    <property name="java.vm.version" value="25.181-b13" />
    <property name="libs.jakartaee-web-api-8.0.maven-pom" value="" />
    <property name="libs.eclipselinkmodelgen.src" value="" />
    <property name="ant.file.ProjectPRJ" value="D:\SWT\Food App\ProjectPRJ\ProjectPRJ\build.xml" />
    <property name="javadoc.notree" value="false" />
    <property name="lib.dir" value="web/WEB-INF/lib" />
    <property name="netbeans.autoupdate.version" value="1.23" />
    <property name="libs.javaee-web-api-6.0.classpath" value="C:\Program Files\NetBeans-13\netbeans\enterprise\modules\ext\javaee-web-api-6.0.jar" />
    <property name="jdk.home" value="C:\Program Files\Java\jdk1.8.0_181" />
    <property name="javadoc.noindex" value="false" />
    <property name="sun.os.patch.level" value="" />
    <property name="do.tmp.war.package" value="true" />
    <property name="java.vm.specification.name" value="Java Virtual Machine Specification" />
    <property name="file.reference.jakarta.servlet.jsp.jstl-api-2.0.0.jar" value="D:\SWT\Food App\jakarta.servlet.jsp.jstl-api-2.0.0.jar" />
    <property name="netbeans.autoupdate.variant" value="" />
    <property name="have.tests" value="true" />
    <property name="org.xml.sax.driver" value="com.sun.org.apache.xerces.internal.jaxp.SAXParserImpl$JAXPSAXParser" />
    <property name="libs.hamcrest.classpath" value="C:\Program Files\NetBeans-13\netbeans\platform\modules\ext\hamcrest-core-1.3.jar" />
    <property name="j2ee.server.instance" value="tomcat90:home=C:\Program Files\Apache Software Foundation\Tomcat 10.0" />
    <property name="os.name" value="Windows 10" />
    <property name="libs.jakartaee-web-api-9.0.javadoc" value="C:\Program Files\NetBeans-13\netbeans\enterprise\docs\jakartaee9-doc-api.jar" />
    <property name="test.class" value="dal.UserDAOTest" />
    <property name="libs.javaee-endorsed-api-7.0.maven-pom" value="" />
    <property name="ap.proc.none.internal" value="" />
    <property name="libs.restapi.javadoc" value="" />
    <property name="libs.JWSAntTasks.maven-pom" value="" />
    <property name="libs.jstl.classpath" value="C:\Program Files\NetBeans-13\netbeans\enterprise\modules\ext\jstl-impl.jar;C:\Program Files\NetBeans-13\netbeans\enterprise\modules\ext\jstl-api.jar" />
    <property name="libs.testng.src" value="" />
    <property name="libs.spring-webmvc3.0.src" value="" />
    <property name="libs.restapi.classpath" value="C:\Program Files\NetBeans-13\netbeans\enterprise\modules\ext\jaxrs-2.1\jakarta.ws.rs-api-2.1.6.jar" />
    <property name="runmain.jvmargs" value="" />
    <property name="java.vendor.url.bug" value="http://bugreport.sun.com/bugreport/" />
    <property name="libs.jaxb.maven-pom" value="" />
    <property name="os.arch" value="amd64" />
    <property name="libs.eclipselink.src" value="" />
    <property name="user.name" value="Duc Hung Computer" />
    <property name="j2ee.compile.on.save" value="false" />
    <property name="libs.jsf12.javadoc" value="C:\Program Files\NetBeans-13\netbeans\enterprise\docs\javaee-doc-api.jar" />
    <property name="libs.spring-webmvc5.0.javadoc" value="" />
    <property name="libs.spring-framework500.classpath" value="C:\Program Files\NetBeans-13\netbeans\platform\modules\org-apache-commons-logging.jar;C:\Program Files\NetBeans-13\netbeans\java\modules\ext\cglib-2.2.jar;C:\Program Files\NetBeans-13\netbeans\java\modules\ext\spring-5\spring-aop-5.2.9.RELEASE.jar;C:\Program Files\NetBeans-13\netbeans\java\modules\ext\spring-5\spring-aspects-5.2.9.RELEASE.jar;C:\Program Files\NetBeans-13\netbeans\java\modules\ext\spring-5\spring-beans-5.2.9.RELEASE.jar;C:\Program Files\NetBeans-13\netbeans\java\modules\ext\spring-5\spring-context-5.2.9.RELEASE.jar;C:\Program Files\NetBeans-13\netbeans\java\modules\ext\spring-5\spring-context-indexer-5.2.9.RELEASE.jar;C:\Program Files\NetBeans-13\netbeans\java\modules\ext\spring-5\spring-context-support-5.2.9.RELEASE.jar;C:\Program Files\NetBeans-13\netbeans\java\modules\ext\spring-5\spring-core-5.2.9.RELEASE.jar;C:\Program Files\NetBeans-13\netbeans\java\modules\ext\spring-5\spring-expression-5.2.9.RELEASE.jar;C:\Program Files\NetBeans-13\netbeans\java\modules\ext\spring-5\spring-instrument-5.2.9.RELEASE.jar;C:\Program Files\NetBeans-13\netbeans\java\modules\ext\spring-5\spring-jcl-5.2.9.RELEASE.jar;C:\Program Files\NetBeans-13\netbeans\java\modules\ext\spring-5\spring-jdbc-5.2.9.RELEASE.jar;C:\Program Files\NetBeans-13\netbeans\java\modules\ext\spring-5\spring-jms-5.2.9.RELEASE.jar;C:\Program Files\NetBeans-13\netbeans\java\modules\ext\spring-5\spring-messaging-5.2.9.RELEASE.jar;C:\Program Files\NetBeans-13\netbeans\java\modules\ext\spring-5\spring-orm-5.2.9.RELEASE.jar;C:\Program Files\NetBeans-13\netbeans\java\modules\ext\spring-5\spring-oxm-5.2.9.RELEASE.jar;C:\Program Files\NetBeans-13\netbeans\java\modules\ext\spring-5\spring-test-5.2.9.RELEASE.jar;C:\Program Files\NetBeans-13\netbeans\java\modules\ext\spring-5\spring-tx-5.2.9.RELEASE.jar;C:\Program Files\NetBeans-13\netbeans\java\modules\ext\spring-5\spring-web-5.2.9.RELEASE.jar;C:\Program Files\NetBeans-13\netbeans\java\modules\ext\spring-5\spring-webflux-5.2.9.RELEASE.jar;C:\Program Files\NetBeans-13\netbeans\java\modules\ext\spring-5\spring-webmvc-5.2.9.RELEASE.jar;C:\Program Files\NetBeans-13\netbeans\java\modules\ext\spring-5\spring-websocket-5.2.9.RELEASE.jar" />
    <property name="libs.spring-webmvc3.0.maven-pom" value="" />
    <property name="sun.java.command" value="org.apache.tools.ant.taskdefs.optional.junit.JUnitTestRunner dal.UserDAOTest methods=testExistedUs skipNonTests=false filtertrace=true haltOnError=false haltOnFailure=false showoutput=true outputtoformatters=true logfailedtests=true threadid=0 logtestlistenerevents=true formatter=org.apache.tools.ant.taskdefs.optional.junit.BriefJUnitResultFormatter formatter=org.apache.tools.ant.taskdefs.optional.junit.XMLJUnitResultFormatter,D:\SWT\Food App\ProjectPRJ\ProjectPRJ\build\test\results\TEST-dal.UserDAOTest.xml crashfile=C:\Users\DUCHUN~1\AppData\Local\Temp\junitvmwatcher7914531407565435924.properties propsfile=C:\Users\DUCHUN~1\AppData\Local\Temp\junit6954722590331246750.properties" />
    <property name="build.classes.dir" value="build/web/WEB-INF/classes" />
    <property name="ap.supported.internal" value="true" />
    <property name="libs.javaee-api-8.0.maven-pom" value="" />
    <property name="libs.javaee-endorsed-api-7.0.javadoc" value="C:\Program Files\NetBeans-13\netbeans\enterprise\docs\javaee-doc-api.jar" />
    <property name="libs.jaxws21.javadoc" value="C:\Program Files\NetBeans-13\netbeans\java\docs\jaxws-api-doc.zip" />
    <property name="libs.spring-webmvc4.0.javadoc" value="" />
    <property name="build.web.excludes" value="**/*.java,**/*.form" />
    <property name="includes" value="**" />
    <property name="browser.context" value="D:\SWT\Food App\ProjectPRJ\ProjectPRJ" />
    <property name="user.country" value="US" />
    <property name="javadoc.encoding" value="UTF-8" />
    <property name="javac.classpath" value="D:\SWT\Food App\jakarta.servlet.jsp.jstl-2.0.0.jar:D:\SWT\Food App\jakarta.servlet.jsp.jstl-api-2.0.0.jar:D:\SWT\Food App\lombok.jar:D:\SWT\Food App\sqljdbc42.jar" />
    <property name="libs.jsp-compilation-syscp.src" value="" />
    <property name="libs.spring-framework400.classpath" value="C:\Program Files\NetBeans-13\netbeans\platform\modules\org-apache-commons-logging.jar;C:\Program Files\NetBeans-13\netbeans\java\modules\ext\cglib-2.2.jar;C:\Program Files\NetBeans-13\netbeans\java\modules\ext\spring-4\spring-aop-4.3.29.RELEASE.jar;C:\Program Files\NetBeans-13\netbeans\java\modules\ext\spring-4\spring-aspects-4.3.29.RELEASE.jar;C:\Program Files\NetBeans-13\netbeans\java\modules\ext\spring-4\spring-beans-4.3.29.RELEASE.jar;C:\Program Files\NetBeans-13\netbeans\java\modules\ext\spring-4\spring-context-4.3.29.RELEASE.jar;C:\Program Files\NetBeans-13\netbeans\java\modules\ext\spring-4\spring-context-support-4.3.29.RELEASE.jar;C:\Program Files\NetBeans-13\netbeans\java\modules\ext\spring-4\spring-core-4.3.29.RELEASE.jar;C:\Program Files\NetBeans-13\netbeans\java\modules\ext\spring-4\spring-expression-4.3.29.RELEASE.jar;C:\Program Files\NetBeans-13\netbeans\java\modules\ext\spring-4\spring-instrument-4.3.29.RELEASE.jar;C:\Program Files\NetBeans-13\netbeans\java\modules\ext\spring-4\spring-instrument-tomcat-4.3.29.RELEASE.jar;C:\Program Files\NetBeans-13\netbeans\java\modules\ext\spring-4\spring-jdbc-4.3.29.RELEASE.jar;C:\Program Files\NetBeans-13\netbeans\java\modules\ext\spring-4\spring-jms-4.3.29.RELEASE.jar;C:\Program Files\NetBeans-13\netbeans\java\modules\ext\spring-4\spring-messaging-4.3.29.RELEASE.jar;C:\Program Files\NetBeans-13\netbeans\java\modules\ext\spring-4\spring-orm-4.3.29.RELEASE.jar;C:\Program Files\NetBeans-13\netbeans\java\modules\ext\spring-4\spring-oxm-4.3.29.RELEASE.jar;C:\Program Files\NetBeans-13\netbeans\java\modules\ext\spring-4\spring-test-4.3.29.RELEASE.jar;C:\Program Files\NetBeans-13\netbeans\java\modules\ext\spring-4\spring-tx-4.3.29.RELEASE.jar;C:\Program Files\NetBeans-13\netbeans\java\modules\ext\spring-4\spring-web-4.3.29.RELEASE.jar;C:\Program Files\NetBeans-13\netbeans\java\modules\ext\spring-4\spring-webmvc-4.3.29.RELEASE.jar;C:\Program Files\NetBeans-13\netbeans\java\modules\ext\spring-4\spring-webmvc-portlet-4.3.29.RELEASE.jar;C:\Program Files\NetBeans-13\netbeans\java\modules\ext\spring-4\spring-websocket-4.3.29.RELEASE.jar" />
    <property name="do.debug.server" value="true" />
    <property name="debug-transport" value="dt_shmem" />
    <property name="netbeans.home" value="C:\Program Files\NetBeans-13\netbeans\platform" />
    <property name="build.compiler.emacs" value="true" />
    <property name="libs.javaee-web-api-6.0.src" value="" />
    <property name="libs.jsp-compilation-syscp.classpath" value="C:\Program Files\NetBeans-13\netbeans\extide\ant\lib\ant.jar;C:\Program Files\NetBeans-13\netbeans\enterprise\modules\ext\servlet3.1-jsp2.3-api.jar;C:\Program Files\NetBeans-13\netbeans\enterprise\modules\ext\glassfish-jspparser-4.0.jar;C:\Program Files\NetBeans-13\netbeans\enterprise\modules\ext\jstl-impl.jar;C:\Program Files\NetBeans-13\netbeans\enterprise\modules\ext\jsf-2_2\javax.faces.jar" />
    <property name="nu.validator.checker.imageCandidateString.hasWidth" value="0" />
    <property name="java.endorsed.dirs" value="C:\Program Files\Java\jdk1.8.0_181\jre\lib\endorsed" />
    <property name="test.method" value="testExistedUs" />
    <property name="libs.groovy-all.src" value="" />
    <property name="libs.junit_5.src" value="C:\Program Files\NetBeans-13\netbeans\platform\docs\junit-jupiter-api-5.6.0-sources.jar;C:\Program Files\NetBeans-13\netbeans\platform\docs\junit-jupiter-params-5.6.0-sources.jar;C:\Program Files\NetBeans-13\netbeans\platform\docs\junit-jupiter-engine-5.6.0-sources.jar" />
    <property name="libs.jakartaee-api-8.0.classpath" value="C:\Program Files\NetBeans-13\netbeans\enterprise\modules\ext\jakarta.jakartaee-api-8.0.0.jar" />
    <property name="netbeans.dynamic.classpath" value="C:\Program Files\NetBeans-13\netbeans\platform\core\asm-9.2.jar;C:\Program Files\NetBeans-13\netbeans\platform\core\asm-commons-9.2.jar;C:\Program Files\NetBeans-13\netbeans\platform\core\asm-tree-9.2.jar;C:\Program Files\NetBeans-13\netbeans\platform\core\core-base.jar;C:\Program Files\NetBeans-13\netbeans\platform\core\core.jar;C:\Program Files\NetBeans-13\netbeans\platform\core\org-netbeans-libs-asm.jar;C:\Program Files\NetBeans-13\netbeans\platform\core\org-openide-filesystems-compat8.jar;C:\Program Files\NetBeans-13\netbeans\platform\core\org-openide-filesystems.jar;C:\Program Files\NetBeans-13\netbeans\nb\core\org-netbeans-upgrader.jar;C:\Program Files\NetBeans-13\netbeans\nb\core\locale\core_nb.jar" />
    <property name="auxiliary.org-netbeans-modules-css-prep.sass_2e_mappings" value="/scss:/css" />
    <property name="java.vm.specification.version" value="1.8" />
    <property name="plugin.manager.check.updates" value="false" />
    <property name="libs.primefaces.classpath" value="C:\Program Files\NetBeans-13\netbeans\enterprise\modules\ext\primefaces\primefaces-5.0.jar" />
    <property name="libs.javaee-api-6.0.classpath" value="C:\Program Files\NetBeans-13\netbeans\enterprise\modules\ext\javaee-api-6.0.jar" />
    <property name="libs.groovy-all.maven-pom" value="" />
    <property name="netbeans.productversion" value="Apache NetBeans IDE 13" />
    <property name="libs.jaxws21.src" value="" />
    <property name="do.war.package.with.custom.manifest" value="true" />
    <property name="libs.spring-webmvc5.0.classpath" value="C:\Program Files\NetBeans-13\netbeans\java\modules\ext\spring-5\spring-webmvc-5.2.9.RELEASE.jar" />
    <property name="netbeans.autoupdate.language" value="en" />
    <property name="java.vendor" value="Oracle Corporation" />
    <property name="auxiliary.org-netbeans-modules-css-prep.less_2e_enabled" value="false" />
    <property name="libs.javaee-api-6.0.javadoc" value="C:\Program Files\NetBeans-13\netbeans\enterprise\docs\javaee-doc-api.jar" />
    <property name="javac.debug" value="true" />
    <property name="javadoc.splitindex" value="true" />
    <property name="file.separator" value="\" />
    <property name="libs.junit_4.maven-pom" value="" />
    <property name="resource.dir" value="setup" />
    <property name="javac.test.processorpath" value="D:\SWT\Food App\jakarta.servlet.jsp.jstl-2.0.0.jar:D:\SWT\Food App\jakarta.servlet.jsp.jstl-api-2.0.0.jar:D:\SWT\Food App\lombok.jar:D:\SWT\Food App\sqljdbc42.jar:build/web/WEB-INF/classes:C:\Program Files\NetBeans-13\netbeans\platform\modules\ext\junit-4.13.2.jar:C:\Program Files\NetBeans-13\netbeans\platform\modules\ext\hamcrest-core-1.3.jar" />
    <property name="netbeans.buildnumber" value="13-00d6d969bf4d9b14e7406c9ee9cc13a61dc39655" />
    <property name="libs.JWSAntTasks.javadoc" value="" />
    <property name="build.generated.sources.dir" value="build/generated-sources" />
    <property name="user.variant" value="" />
    <property name="libs.eclipselinkmodelgen.classpath" value="C:\Program Files\NetBeans-13\netbeans\java\modules\ext\eclipselink\org.eclipse.persistence.jpa.modelgen.processor-2.7.9.jar" />
    <property name="libs.javaee-endorsed-api-7.0.src" value="" />
    <property name="sun.java.launcher" value="SUN_STANDARD" />
    <property name="libs.jaxb.javadoc" value="C:\Program Files\NetBeans-13\netbeans\ide\docs\jaxb-api-doc.jar" />
    <property name="libs.struts.classpath" value="C:\Program Files\NetBeans-13\netbeans\enterprise\modules\ext\struts\antlr-2.7.2.jar;C:\Program Files\NetBeans-13\netbeans\enterprise\modules\ext\struts\bsf-2.3.0.jar;C:\Program Files\NetBeans-13\netbeans\enterprise\modules\ext\struts\commons-beanutils-1.8.0.jar;C:\Program Files\NetBeans-13\netbeans\enterprise\modules\ext\struts\commons-chain-1.2.jar;C:\Program Files\NetBeans-13\netbeans\enterprise\modules\ext\struts\commons-digester-1.8.jar;C:\Program Files\NetBeans-13\netbeans\enterprise\modules\ext\struts\commons-fileupload-1.1.1.jar;C:\Program Files\NetBeans-13\netbeans\enterprise\modules\ext\struts\commons-io-1.1.jar;C:\Program Files\NetBeans-13\netbeans\enterprise\modules\ext\struts\commons-logging-1.0.4.jar;C:\Program Files\NetBeans-13\netbeans\enterprise\modules\ext\struts\commons-validator-1.3.1.jar;C:\Program Files\NetBeans-13\netbeans\enterprise\modules\ext\struts\jstl-1.0.2.jar;C:\Program Files\NetBeans-13\netbeans\enterprise\modules\ext\struts\oro-2.0.8.jar;C:\Program Files\NetBeans-13\netbeans\enterprise\modules\ext\struts\standard-1.0.6.jar;C:\Program Files\NetBeans-13\netbeans\enterprise\modules\ext\struts\struts-core-1.3.10.jar;C:\Program Files\NetBeans-13\netbeans\enterprise\modules\ext\struts\struts-el-1.3.10.jar;C:\Program Files\NetBeans-13\netbeans\enterprise\modules\ext\struts\struts-extras-1.3.10.jar;C:\Program Files\NetBeans-13\netbeans\enterprise\modules\ext\struts\struts-faces-1.3.10.jar;C:\Program Files\NetBeans-13\netbeans\enterprise\modules\ext\struts\struts-mailreader-dao-1.3.10.jar;C:\Program Files\NetBeans-13\netbeans\enterprise\modules\ext\struts\struts-scripting-1.3.10.jar;C:\Program Files\NetBeans-13\netbeans\enterprise\modules\ext\struts\struts-taglib-1.3.10.jar;C:\Program Files\NetBeans-13\netbeans\enterprise\modules\ext\struts\struts-tiles-1.3.10.jar" />
    <property name="application.args.param" value="" />
    <property name="org.openide.awt.SwingBrowserImpl.do-not-block-awt" value="false" />
    <property name="ant.home" value="C:\Program Files\NetBeans-13\netbeans\extide\ant" />
    <property name="libs.junit_4.src" value="C:\Program Files\NetBeans-13\netbeans\platform\docs\junit-4.13.2-sources.jar" />
    <property name="libs.testng.classpath" value="C:\Program Files\NetBeans-13\netbeans\platform\modules\ext\testng-6.14.3.jar;C:\Program Files\NetBeans-13\netbeans\platform\modules\ext\jcommander-1.78.jar" />
    <property name="conf.dir" value="src/conf" />
    <property name="webinf.dir" value="web/WEB-INF" />
    <property name="libs.absolutelayout.maven-pom" value="" />
    <property name="ant.java.version" value="1.8" />
    <property name="java.library.path" value="C:\Program Files\Java\jdk1.8.0_181\jre\bin;C:\Windows\Sun\Java\bin;C:\Windows\system32;C:\Windows;C:\Program Files\Microsoft\jdk-11.0.16.101-hotspot\bin;C:\Program Files (x86)\Common Files\Oracle\Java\javapath;C:\Windows\system32;C:\Windows;C:\Windows\System32\Wbem;C:\Windows\System32\WindowsPowerShell\v1.0\;C:\Windows\System32\OpenSSH\;C:\Program Files\Microsoft SQL Server\150\Tools\Binn\;C:\Program Files\Microsoft SQL Server\Client SDK\ODBC\170\Tools\Binn\;C:\Program Files\dotnet\;C:\Program Files\Azure Data Studio\bin;C:\Program Files (x86)\Microsoft SQL Server\160\Tools\Binn\;C:\Program Files\Microsoft SQL Server\160\Tools\Binn\;C:\Program Files\Microsoft SQL Server\160\DTS\Binn\;C:\Program Files (x86)\Microsoft SQL Server\160\DTS\Binn\;C:\Users\Duc Hung Computer\AppData\Local\Microsoft\WindowsApps;C:\Users\Duc Hung Computer\.dotnet\tools;C:\Program Files\Azure Data Studio\bin;C:\Users\Duc Hung Computer\AppData\Local\Programs\Microsoft VS Code\bin;." />
    <property name="javadoc.author" value="false" />
    <property name="libs.metro.maven-pom" value="" />
    <property name="java.util.logging.config.class" value="org.netbeans.core.startup.TopLogging" />
    <property name="libs.spring-framework400.src" value="" />
    <property name="libs.PostgreSQLDriver.src" value="" />
    <property name="libs.graaljs.javadoc" value="" />
    <property name="libs.jakartaee-web-api-9.0.maven-pom" value="" />
    <property name="libs.spring-framework500.javadoc" value="" />
    <property name="libs.graaljs.src" value="" />
    <property name="sun.arch.data.model" value="64" />
    <property name="basedir" value="D:\SWT\Food App\ProjectPRJ\ProjectPRJ" />
    <property name="libs.jpa20-persistence.maven-pom" value="" />
    <property name="jar.compress" value="false" />
    <property name="libs.javaee-web-api-7.0.classpath" value="C:\Program Files\NetBeans-13\netbeans\enterprise\modules\ext\javaee-web-api-7.0.jar" />
    <property name="path.separator" value=";" />
    <property name="dist.war" value="dist/ProjectPRJ.war" />
    <property name="libs.javaee-web-api-6.0.javadoc" value="C:\Program Files\NetBeans-13\netbeans\enterprise\docs\javaee-doc-api.jar" />
    <property name="ant.junit.enabletestlistenerevents" value="true" />
    <property name="sun.io.unicode.encoding" value="UnicodeLittle" />
    <property name="libs.jaxws21.classpath" value="C:\Program Files\NetBeans-13\netbeans\ide\modules\ext\jaxb\jaxb-impl.jar;C:\Program Files\NetBeans-13\netbeans\ide\modules\ext\jaxb\jaxb-xjc.jar;C:\Program Files\NetBeans-13\netbeans\java\modules\ext\jaxws22\FastInfoset.jar;C:\Program Files\NetBeans-13\netbeans\java\modules\ext\jaxws22\gmbal-api-only.jar;C:\Program Files\NetBeans-13\netbeans\java\modules\ext\jaxws22\ha-api.jar;C:\Program Files\NetBeans-13\netbeans\java\modules\ext\jaxws22\javax.mail_1.4.jar;C:\Program Files\NetBeans-13\netbeans\java\modules\ext\jaxws22\jaxws-rt.jar;C:\Program Files\NetBeans-13\netbeans\java\modules\ext\jaxws22\jaxws-tools.jar;C:\Program Files\NetBeans-13\netbeans\java\modules\ext\jaxws22\management-api.jar;C:\Program Files\NetBeans-13\netbeans\java\modules\ext\jaxws22\mimepull.jar;C:\Program Files\NetBeans-13\netbeans\java\modules\ext\jaxws22\policy.jar;C:\Program Files\NetBeans-13\netbeans\java\modules\ext\jaxws22\saaj-impl.jar;C:\Program Files\NetBeans-13\netbeans\java\modules\ext\jaxws22\stax-ex.jar;C:\Program Files\NetBeans-13\netbeans\java\modules\ext\jaxws22\stax2-api.jar;C:\Program Files\NetBeans-13\netbeans\java\modules\ext\jaxws22\streambuffer.jar;C:\Program Files\NetBeans-13\netbeans\java\modules\ext\jaxws22\woodstox-core-asl.jar;C:\Program Files\NetBeans-13\netbeans\java\modules\ext\jaxws22\api\jaxws-api.jar;C:\Program Files\NetBeans-13\netbeans\java\modules\ext\jaxws22\api\jsr181-api.jar;C:\Program Files\NetBeans-13\netbeans\java\modules\ext\jaxws22\api\javax.annotation.jar;C:\Program Files\NetBeans-13\netbeans\java\modules\ext\jaxws22\api\saaj-api.jar;C:\Program Files\NetBeans-13\netbeans\ide\modules\ext\jaxb\activation.jar;C:\Program Files\NetBeans-13\netbeans\ide\modules\ext\jaxb\api\jaxb-api.jar" />
    <property name="libs.struts.src" value="" />
    <property name="apple.awt.graphics.UseQuartz" value="true" />
    <property name="user.language" value="en" />
    <property name="j2ee.platform.classpath" value="C:/Program Files/Apache Software Foundation/Tomcat 10.0/lib/annotations-api.jar:C:/Program Files/Apache Software Foundation/Tomcat 10.0/lib/catalina-ant.jar:C:/Program Files/Apache Software Foundation/Tomcat 10.0/lib/catalina-ha.jar:C:/Program Files/Apache Software Foundation/Tomcat 10.0/lib/catalina-ssi.jar:C:/Program Files/Apache Software Foundation/Tomcat 10.0/lib/catalina-storeconfig.jar:C:/Program Files/Apache Software Foundation/Tomcat 10.0/lib/catalina-tribes.jar:C:/Program Files/Apache Software Foundation/Tomcat 10.0/lib/catalina.jar:C:/Program Files/Apache Software Foundation/Tomcat 10.0/lib/ecj-4.20.jar:C:/Program Files/Apache Software Foundation/Tomcat 10.0/lib/el-api.jar:C:/Program Files/Apache Software Foundation/Tomcat 10.0/lib/jakartaee-migration-1.0.4-shaded.jar:C:/Program Files/Apache Software Foundation/Tomcat 10.0/lib/jasper-el.jar:C:/Program Files/Apache Software Foundation/Tomcat 10.0/lib/jasper.jar:C:/Program Files/Apache Software Foundation/Tomcat 10.0/lib/jaspic-api.jar:C:/Program Files/Apache Software Foundation/Tomcat 10.0/lib/jsp-api.jar:C:/Program Files/Apache Software Foundation/Tomcat 10.0/lib/servlet-api.jar:C:/Program Files/Apache Software Foundation/Tomcat 10.0/lib/tomcat-api.jar:C:/Program Files/Apache Software Foundation/Tomcat 10.0/lib/tomcat-coyote.jar:C:/Program Files/Apache Software Foundation/Tomcat 10.0/lib/tomcat-dbcp.jar:C:/Program Files/Apache Software Foundation/Tomcat 10.0/lib/tomcat-i18n-cs.jar:C:/Program Files/Apache Software Foundation/Tomcat 10.0/lib/tomcat-i18n-de.jar:C:/Program Files/Apache Software Foundation/Tomcat 10.0/lib/tomcat-i18n-es.jar:C:/Program Files/Apache Software Foundation/Tomcat 10.0/lib/tomcat-i18n-fr.jar:C:/Program Files/Apache Software Foundation/Tomcat 10.0/lib/tomcat-i18n-ja.jar:C:/Program Files/Apache Software Foundation/Tomcat 10.0/lib/tomcat-i18n-ko.jar:C:/Program Files/Apache Software Foundation/Tomcat 10.0/lib/tomcat-i18n-pt-BR.jar:C:/Program Files/Apache Software Foundation/Tomcat 10.0/lib/tomcat-i18n-ru.jar:C:/Program Files/Apache Software Foundation/Tomcat 10.0/lib/tomcat-i18n-zh-CN.jar:C:/Program Files/Apache Software Foundation/Tomcat 10.0/lib/tomcat-jdbc.jar:C:/Program Files/Apache Software Foundation/Tomcat 10.0/lib/tomcat-jni.jar:C:/Program Files/Apache Software Foundation/Tomcat 10.0/lib/tomcat-util-scan.jar:C:/Program Files/Apache Software Foundation/Tomcat 10.0/lib/tomcat-util.jar:C:/Program Files/Apache Software Foundation/Tomcat 10.0/lib/tomcat-websocket.jar:C:/Program Files/Apache Software Foundation/Tomcat 10.0/lib/websocket-api.jar" />
    <property name="testng.mode" value="testng" />
    <property name="libs.JAXB-ENDORSED.maven-pom" value="" />
    <property name="libs.eclipselink.maven-pom" value="" />
    <property name="build.meta.inf.dir" value="build/web/META-INF" />
    <property name="org.netbeans.io.suspend" value="0" />
    <property name="persistence.xml.dir" value="src/conf" />
    <property name="test.binaryincludes" value="&lt;nothing&gt;" />
    <property name="libs.primefaces.javadoc" value="" />
    <property name="libs.spring-framework300.maven-pom" value="" />
    <property name="file.reference.jakarta.servlet.jsp.jstl-2.0.0.jar" value="D:\SWT\Food App\jakarta.servlet.jsp.jstl-2.0.0.jar" />
    <property name="run.test.classpath" value="D:\SWT\Food App\jakarta.servlet.jsp.jstl-2.0.0.jar:D:\SWT\Food App\jakarta.servlet.jsp.jstl-api-2.0.0.jar:D:\SWT\Food App\lombok.jar:D:\SWT\Food App\sqljdbc42.jar:build/web/WEB-INF/classes:C:\Program Files\NetBeans-13\netbeans\platform\modules\ext\junit-4.13.2.jar:C:\Program Files\NetBeans-13\netbeans\platform\modules\ext\hamcrest-core-1.3.jar:build/test/classes" />
    <property name="ant.project.invoked-targets" value="test-single-method" />
    <property name="test.binaryexcludes" value="" />
    <property name="sun.java2d.dpiaware" value="true" />
    <property name="jspc.schemas" value="/resources/schemas/" />
    <property name="https.nonProxyHosts" value="localhost|127.0.0.1|Phan-Tung" />
    <property name="libs.PostgreSQLDriver.maven-pom" value="" />
    <property name="java.class.version" value="52.0" />
    <property name="libs.javaee-endorsed-api-6.0.src" value="" />
    <property name="libs.eclipselink.javadoc" value="C:\Program Files\NetBeans-13\netbeans\java\modules\ext\docs\javax.persistence-2.2.1-doc.zip" />
    <property name="libs.jsp-compilation.maven-pom" value="" />
    <property name="user.properties.file" value="C:\Users\Duc Hung Computer\AppData\Roaming\NetBeans\13\build.properties" />
    <property name="build.web.dir" value="build/web" />
    <property name="file.encoding.pkg" value="sun.io" />
    <property name="sun.cpu.endian" value="little" />
    <property name="libs.JAXB-ENDORSED.javadoc" value="" />
    <property name="libs.JWSAntTasks.classpath" value="C:\Program Files\NetBeans-13\netbeans\java\ant\extra\org-netbeans-modules-javawebstart-anttasks.jar" />
    <property name="libs.spring-webmvc4.0.maven-pom" value="" />
    <property name="libs.spring-framework300.src" value="" />
    <property name="libs.jstl.src" value="" />
    <property name="empty.dir" value="D:\SWT\Food App\ProjectPRJ\ProjectPRJ\build\empty" />
    <property name="display.browser" value="true" />
    <property name="test.binarytestincludes" value="" />
    <property name="javadoc.preview" value="true" />
    <property name="libs.jpa20-persistence.javadoc" value="C:\Program Files\NetBeans-13\netbeans\java\modules\ext\docs\javax.persistence-2.2.1-doc.zip" />
    <property name="java.home" value="C:\Program Files\Java\jdk1.8.0_181\jre" />
    <property name="libs.jsp-compilation.src" value="" />
    <property name="libs.jakartaee-web-api-8.0.javadoc" value="C:\Program Files\NetBeans-13\netbeans\enterprise\docs\jakartaee8-doc-api.jar" />
    <property name="debug.test.classpath" value="D:\SWT\Food App\jakarta.servlet.jsp.jstl-2.0.0.jar:D:\SWT\Food App\jakarta.servlet.jsp.jstl-api-2.0.0.jar:D:\SWT\Food App\lombok.jar:D:\SWT\Food App\sqljdbc42.jar:build/web/WEB-INF/classes:C:\Program Files\NetBeans-13\netbeans\platform\modules\ext\junit-4.13.2.jar:C:\Program Files\NetBeans-13\netbeans\platform\modules\ext\hamcrest-core-1.3.jar:build/test/classes" />
    <property name="libs.javaee-endorsed-api-6.0.classpath" value="C:\Program Files\NetBeans-13\netbeans\enterprise\modules\ext\javaee6-endorsed\javax.annotation.jar;C:\Program Files\NetBeans-13\netbeans\enterprise\modules\ext\javaee6-endorsed\jaxb-api-osgi.jar;C:\Program Files\NetBeans-13\netbeans\enterprise\modules\ext\javaee6-endorsed\webservices-api-osgi.jar" />
    <property name="libs.javaee-api-6.0.src" value="" />
    <property name="netbeans.importclass" value="org.netbeans.upgrade.AutoUpgrade" />
    <property name="ant.project.default-target" value="default" />
    <property name="annotation.processing.run.all.processors" value="true" />
    <property name="ant.file.ProjectPRJ-impl" value="D:\SWT\Food App\ProjectPRJ\ProjectPRJ\nbproject\build-impl.xml" />
    <property name="libs.PostgreSQLDriver.javadoc" value="" />
    <property name="libs.restlib.classpath" value="C:\Program Files\NetBeans-13\netbeans\enterprise\modules\ext\jersey2\jakarta.annotation-api-1.3.5.jar;C:\Program Files\NetBeans-13\netbeans\enterprise\modules\ext\jersey2\jakarta.persistence-api-2.2.3.jar;C:\Program Files\NetBeans-13\netbeans\enterprise\modules\ext\jersey2\jakarta.servlet-api-4.0.4.jar;C:\Program Files\NetBeans-13\netbeans\enterprise\modules\ext\jersey2\jakarta.validation-api-2.0.2.jar;C:\Program Files\NetBeans-13\netbeans\enterprise\modules\ext\jersey2\jakarta.xml.bind-api-2.3.3.jar;C:\Program Files\NetBeans-13\netbeans\enterprise\modules\ext\jersey2\jersey-client-2.34.jar;C:\Program Files\NetBeans-13\netbeans\enterprise\modules\ext\jersey2\jersey-common-2.34.jar;C:\Program Files\NetBeans-13\netbeans\enterprise\modules\ext\jersey2\jersey-server-2.34.jar;C:\Program Files\NetBeans-13\netbeans\enterprise\modules\ext\jersey2\jersey-entity-filtering-2.34.jar;C:\Program Files\NetBeans-13\netbeans\enterprise\modules\ext\jersey2\jersey-hk2-2.34.jar;C:\Program Files\NetBeans-13\netbeans\enterprise\modules\ext\jersey2\jersey-media-moxy-2.34.jar;C:\Program Files\NetBeans-13\netbeans\enterprise\modules\ext\jersey2\jersey-container-servlet-2.34.jar;C:\Program Files\NetBeans-13\netbeans\enterprise\modules\ext\jersey2\jersey-container-servlet-core-2.34.jar;C:\Program Files\NetBeans-13\netbeans\enterprise\modules\ext\jersey2\hk2-api-2.6.1.jar;C:\Program Files\NetBeans-13\netbeans\enterprise\modules\ext\jersey2\hk2-locator-2.6.1.jar;C:\Program Files\NetBeans-13\netbeans\enterprise\modules\ext\jersey2\hk2-utils-2.6.1.jar;C:\Program Files\NetBeans-13\netbeans\enterprise\modules\ext\jersey2\jakarta.inject-2.6.1.jar;C:\Program Files\NetBeans-13\netbeans\enterprise\modules\ext\jersey2\aopalliance-repackaged-2.6.1.jar;C:\Program Files\NetBeans-13\netbeans\enterprise\modules\ext\jersey2\osgi.core-8.0.0.jar;C:\Program Files\NetBeans-13\netbeans\enterprise\modules\ext\jersey2\osgi-resource-locator-1.0.3.jar;C:\Program Files\NetBeans-13\netbeans\java\modules\ext\eclipselink\org.eclipse.persistence.core-2.7.9.jar;C:\Program Files\NetBeans-13\netbeans\java\modules\ext\eclipselink\org.eclipse.persistence.asm-9.1.0.jar;C:\Program Files\NetBeans-13\netbeans\java\modules\ext\eclipselink\org.eclipse.persistence.antlr-2.7.9.jar;C:\Program Files\NetBeans-13\netbeans\java\modules\ext\eclipselink\org.eclipse.persistence.jpa-2.7.9.jar;C:\Program Files\NetBeans-13\netbeans\java\modules\ext\eclipselink\org.eclipse.persistence.jpa.jpql-2.7.9.jar;C:\Program Files\NetBeans-13\netbeans\java\modules\ext\eclipselink\org.eclipse.persistence.moxy-2.7.9.jar" />
    <property name="netbeans.extbrowser.manual_chrome_plugin_install" value="yes" />
    <property name="libs.jakartaee-api-9.0.classpath" value="C:\Program Files\NetBeans-13\netbeans\enterprise\modules\ext\jakarta.jakartaee-api-9.0.0.jar" />
    <property name="http.nonProxyHosts" value="localhost|127.0.0.1|Phan-Tung" />
    <property name="libs.junit_4.javadoc" value="C:\Program Files\NetBeans-13\netbeans\platform\docs\junit-4.13.2-javadoc.jar" />
    <property name="libs.javaee-web-api-6.0.maven-pom" value="" />
    <property name="j2ee.deploy.on.save" value="false" />
    <property name="jna.boot.library.name" value="jnidispatch-nb" />
    <property name="libs.javaee-endorsed-api-6.0.javadoc" value="C:\Program Files\NetBeans-13\netbeans\enterprise\docs\javaee-doc-api.jar" />
    <property name="libs.javaee-api-7.0.classpath" value="C:\Program Files\NetBeans-13\netbeans\enterprise\modules\ext\javaee-api-7.0.jar" />
    <property name="sun.awt.datatransfer.timeout" value="1000" />
    <property name="libs.jakartaee-api-9.0.src" value="" />
    <property name="libs.spring-webmvc3.0.javadoc" value="" />
    <property name="annotation.processing.enabled.in.editor" value="true" />
    <property name="nb.native.filechooser" value="false" />
    <property name="libs.restapi.src" value="" />
    <property name="sun.management.compiler" value="HotSpot 64-Bit Tiered Compilers" />
    <property name="javac.deprecation" value="false" />
    <property name="javadoc.use" value="true" />
    <property name="client.urlPart" value="shophome" />
    <property name="sun.java2d.noddraw" value="true" />
    <property name="libs.jsp-compiler.classpath" value="C:\Program Files\NetBeans-13\netbeans\enterprise\ant\extra\jspcompile.jar" />
    <property name="dist.ear.war" value="dist/ProjectPRJ.war" />
    <property name="javac.processorpath" value="D:\SWT\Food App\jakarta.servlet.jsp.jstl-2.0.0.jar:D:\SWT\Food App\jakarta.servlet.jsp.jstl-api-2.0.0.jar:D:\SWT\Food App\lombok.jar:D:\SWT\Food App\sqljdbc42.jar" />
    <property name="libs.hamcrest.maven-pom" value="" />
    <property name="libs.junit_5.classpath" value="C:\Program Files\NetBeans-13\netbeans\platform\modules\ext\junit-jupiter-api-5.6.0.jar;C:\Program Files\NetBeans-13\netbeans\platform\modules\ext\junit-jupiter-params-5.6.0.jar;C:\Program Files\NetBeans-13\netbeans\platform\modules\ext\junit-jupiter-engine-5.6.0.jar" />
    <property name="javac.compilerargs" value="" />
    <property name="ant.file" value="D:\SWT\Food App\ProjectPRJ\ProjectPRJ\build.xml" />
    <property name="libs.jsf12.classpath" value="C:\Program Files\NetBeans-13\netbeans\enterprise\modules\ext\jsf-1_2\jsf-api.jar;C:\Program Files\NetBeans-13\netbeans\enterprise\modules\ext\jsf-1_2\jsf-impl.jar" />
    <property name="has.custom.manifest" value="true" />
    <property name="libs.jstl.maven-pom" value="" />
    <property name="libs.restapi.maven-pom" value="" />
    <property name="java.vm.specification.vendor" value="Oracle Corporation" />
    <property name="org.openide.major.version" value="IDE/1" />
    <property name="java.vm.name" value="Java HotSpot(TM) 64-Bit Server VM" />
    <property name="do.display.browser.debug" value="true" />
    <property name="netbeans.user" value="C:\Users\Duc Hung Computer\AppData\Roaming\NetBeans\13" />
    <property name="javadoc.additionalparam" value="" />
    <property name="java.io.tmpdir" value="C:\Users\DUCHUN~1\AppData\Local\Temp\" />
    <property name="java.vendor.url" value="http://java.oracle.com/" />
    <property name="endorsed.classpath.cmd.line.arg" value="-Xbootclasspath/p:&apos;C:\Program Files\NetBeans-13\netbeans\enterprise\modules\ext\javaee7-endorsed\javax.annotation-api.jar;C:\Program Files\NetBeans-13\netbeans\enterprise\modules\ext\javaee7-endorsed\javax.xml.soap-api.jar;C:\Program Files\NetBeans-13\netbeans\enterprise\modules\ext\javaee7-endorsed\jaxb-api-osgi.jar;C:\Program Files\NetBeans-13\netbeans\enterprise\modules\ext\javaee7-endorsed\jaxws-api.jar;C:\Program Files\NetBeans-13\netbeans\enterprise\modules\ext\javaee7-endorsed\jsr181-api.jar&apos;" />
    <property name="jna.loaded" value="true" />
    <property name="junit.available" value="true" />
    <property name="libs.javaee-web-api-8.0.classpath" value="C:\Program Files\NetBeans-13\netbeans\enterprise\modules\ext\javaee-web-api-8.0.jar" />
    <property name="ant.file.type.ProjectPRJ-impl" value="file" />
    <property name="compile.jsps" value="false" />
    <property name="libs.jakartaee-api-9.0.javadoc" value="C:\Program Files\NetBeans-13\netbeans\enterprise\docs\jakartaee9-doc-api.jar" />
    <property name="libs.jsp-compiler.src" value="" />
    <property name="libs.jakartaee-web-api-9.0.classpath" value="C:\Program Files\NetBeans-13\netbeans\enterprise\modules\ext\jakarta.jakartaee-web-api-9.0.0.jar" />
    <property name="deploy.ant.properties.file" value="C:\Users\Duc Hung Computer\AppData\Roaming\NetBeans\13\tomcat90.properties" />
    <property name="sun.boot.library.path" value="C:\Program Files\Java\jdk1.8.0_181\jre\bin" />
    <property name="have.sources" value="true" />
    <property name="libs.graaljs.classpath" value="C:\Program Files\NetBeans-13\netbeans\webcommon\modules\ext\js-20.3.0.jar;C:\Program Files\NetBeans-13\netbeans\webcommon\modules\ext\js-launcher-20.3.0.jar;C:\Program Files\NetBeans-13\netbeans\webcommon\modules\ext\regex-20.3.0.jar;C:\Program Files\NetBeans-13\netbeans\webcommon\modules\ext\icu4j-67.1.jar;C:\Program Files\NetBeans-13\netbeans\ide\modules\ext\graal-sdk-20.3.0.jar;C:\Program Files\NetBeans-13\netbeans\ide\modules\ext\launcher-common-20.3.0.jar;C:\Program Files\NetBeans-13\netbeans\ide\modules\ext\truffle-api-20.3.0.jar" />
    <property name="libs.hamcrest.javadoc" value="" />
    <property name="debug.classpath" value="build/web/WEB-INF/classes:D:\SWT\Food App\jakarta.servlet.jsp.jstl-2.0.0.jar:D:\SWT\Food App\jakarta.servlet.jsp.jstl-api-2.0.0.jar:D:\SWT\Food App\lombok.jar:D:\SWT\Food App\sqljdbc42.jar" />
    <property name="war.name" value="ProjectPRJ.war" />
    <property name="javadoc.private" value="false" />
    <property name="libs.jakartaee-api-8.0.src" value="" />
    <property name="test.src.dir" value="test" />
    <property name="libs.jakartaee-web-api-9.0.src" value="" />
    <property name="libs.jsf20.classpath" value="C:\Program Files\NetBeans-13\netbeans\enterprise\modules\ext\jsf-2_2\javax.faces.jar" />
    <property name="ap.processors.internal" value="" />
    <property name="libs.javaee-api-8.0.javadoc" value="C:\Program Files\NetBeans-13\netbeans\enterprise\docs\javaee-doc-api.jar" />
    <property name="file.reference.lombok.jar" value="D:\SWT\Food App\lombok.jar" />
    <property name="javadoc.encoding.used" value="UTF-8" />
    <property name="libs.spring-framework400.maven-pom" value="" />
    <property name="java.runtime.name" value="Java(TM) SE Runtime Environment" />
    <property name="ant.project.name" value="ProjectPRJ" />
    <property name="ant.file.type.ProjectPRJ" value="file" />
    <property name="libs.spring-webmvc5.0.src" value="" />
    <property name="netbeans.hash.code" value="unique=NB_EXTIDE_JAVA_PHP_WEBCOMMON_WEBEE075c75698-a56a-43ed-9996-30cc8ff8dea2_c3b22244-2f3b-4f39-9cc0-80ad70dce78e" />
    <property name="netbeans.default_userdir_root" value="C:\Users\Duc Hung Computer\AppData\Roaming\NetBeans" />
    <property name="libs.jsp-compilation-syscp.maven-pom" value="" />
    <property name="sun.cpu.isalist" value="amd64" />
    <property name="libs.jakartaee-web-api-8.0.classpath" value="C:\Program Files\NetBeans-13\netbeans\enterprise\modules\ext\jakarta.jakartaee-web-api-8.0.0.jar" />
    <property name="libs.spring-framework400.javadoc" value="" />
    <property name="libs.CopyLibs.javadoc" value="" />
    <property name="libs.jakartaee-api-8.0.maven-pom" value="" />
    <property name="org.openide.specification.version" value="6.2" />
    <property name="j2ee.server.home" value="C:/Program Files/Apache Software Foundation/Tomcat 10.0" />
    <property name="user.home" value="C:\Users\Duc Hung Computer" />
    <property name="annotation.processing.processors.list" value="" />
    <property name="auxiliary.org-netbeans-modules-web-clientproject-api.js_2e_libs_2e_folder" value="js/libs" />
    <property name="libs.primefaces.maven-pom" value="" />
    <property name="libs.javaee-api-6.0.maven-pom" value="" />
    <property name="libs.JWSAntTasks.src" value="" />
    <property name="libs.CopyLibs.maven-pom" value="" />
    <property name="libs.spring-framework300.javadoc" value="" />
    <property name="libs.absolutelayout.javadoc" value="" />
    <property name="guice.disable.misplaced.annotation.check" value="true" />
    <property name="java.specification.name" value="Java Platform API Specification" />
    <property name="libs.spring-webmvc5.0.maven-pom" value="" />
    <property name="no.dist.ear.dir" value="true" />
    <property name="auxiliary.org-netbeans-modules-css-prep.sass_2e_compiler_2e_options" value="" />
    <property name="java.specification.vendor" value="Oracle Corporation" />
    <property name="java.version" value="1.8.0_181" />
    <property name="javadoc.version" value="false" />
    <property name="org.openide.version" value="deprecated" />
    <property name="source.encoding" value="UTF-8" />
    <property name="ap.cmd.line.internal" value="" />
    <property name="libs.eclipselinkmodelgen.maven-pom" value="" />
    <property name="libs.jsp-compilation-syscp.javadoc" value="" />
    <property name="libs.javaee-web-api-8.0.src" value="" />
    <property name="libs.javaee-endorsed-api-7.0.classpath" value="C:\Program Files\NetBeans-13\netbeans\enterprise\modules\ext\javaee7-endorsed\javax.annotation-api.jar;C:\Program Files\NetBeans-13\netbeans\enterprise\modules\ext\javaee7-endorsed\javax.xml.soap-api.jar;C:\Program Files\NetBeans-13\netbeans\enterprise\modules\ext\javaee7-endorsed\jaxb-api-osgi.jar;C:\Program Files\NetBeans-13\netbeans\enterprise\modules\ext\javaee7-endorsed\jaxws-api.jar;C:\Program Files\NetBeans-13\netbeans\enterprise\modules\ext\javaee7-endorsed\jsr181-api.jar" />
    <property name="libs.eclipselinkmodelgen.javadoc" value="" />
    <property name="libs.metro.javadoc" value="C:\Program Files\NetBeans-13\netbeans\enterprise\docs\webservices-api-javadoc.jar;C:\Program Files\NetBeans-13\netbeans\enterprise\docs\webservices-extra-javadoc.jar;C:\Program Files\NetBeans-13\netbeans\enterprise\docs\webservices-extra-api-javadoc.jar;C:\Program Files\NetBeans-13\netbeans\enterprise\docs\webservices-rt-javadoc.jar;C:\Program Files\NetBeans-13\netbeans\enterprise\docs\webservices-tools-javadoc.jar" />
    <property name="libs.struts.maven-pom" value="" />
    <property name="jnidispatch.path" value="C:\Users\DUCHUN~1\AppData\Local\Temp\jna--974509913\jna554158277253270405.dll" />
    <property name="netbeans.home+have.tests" value="true" />
    <property name="libs.testng.maven-pom" value="" />
    <property name="libs.jaxb.src" value="" />
    <property name="libs.jaxb.classpath" value="C:\Program Files\NetBeans-13\netbeans\ide\modules\ext\jaxb\jaxb-impl.jar;C:\Program Files\NetBeans-13\netbeans\ide\modules\ext\jaxb\jaxb-xjc.jar;C:\Program Files\NetBeans-13\netbeans\ide\modules\ext\jaxb\activation.jar;C:\Program Files\NetBeans-13\netbeans\ide\modules\ext\jaxb\api\jaxb-api.jar" />
    <property name="dist.javadoc.dir" value="dist/javadoc" />
    <property name="libs.spring-webmvc3.0.classpath" value="C:\Program Files\NetBeans-13\netbeans\java\modules\ext\spring-3.0\spring-webmvc-3.2.18.RELEASE.jar" />
    <property name="jspc.dtds" value="/resources/dtds/" />
    <property name="libs.javaee-web-api-7.0.maven-pom" value="" />
    <property name="libs.restlib.src" value="" />
    <property name="javac.source" value="1.8" />
    <property name="build.generated.dir" value="build/generated" />
    <property name="line.separator" value="&#xd;&#xa;" />
    <property name="libs.javaee-api-8.0.classpath" value="C:\Program Files\NetBeans-13\netbeans\enterprise\modules\ext\javaee-api-8.0.jar" />
    <property name="java.specification.version" value="1.8" />
    <property name="java.vm.info" value="mixed mode" />
    <property name="libs.jaxws21.maven-pom" value="" />
    <property name="nb.junit.batch" value="false" />
    <property name="auxiliary.org-netbeans-modules-css-prep.sass_2e_enabled" value="false" />
    <property name="sun.boot.class.path" value="C:\Program Files\NetBeans-13\netbeans\enterprise\modules\ext\javaee7-endorsed\javax.annotation-api.jar;C:\Program Files\NetBeans-13\netbeans\enterprise\modules\ext\javaee7-endorsed\javax.xml.soap-api.jar;C:\Program Files\NetBeans-13\netbeans\enterprise\modules\ext\javaee7-endorsed\jaxb-api-osgi.jar;C:\Program Files\NetBeans-13\netbeans\enterprise\modules\ext\javaee7-endorsed\jaxws-api.jar;C:\Program Files\NetBeans-13\netbeans\enterprise\modules\ext\javaee7-endorsed\jsr181-api.jar;C:\Program Files\Java\jdk1.8.0_181\jre\lib\resources.jar;C:\Program Files\Java\jdk1.8.0_181\jre\lib\rt.jar;C:\Program Files\Java\jdk1.8.0_181\jre\lib\sunrsasign.jar;C:\Program Files\Java\jdk1.8.0_181\jre\lib\jsse.jar;C:\Program Files\Java\jdk1.8.0_181\jre\lib\jce.jar;C:\Program Files\Java\jdk1.8.0_181\jre\lib\charsets.jar;C:\Program Files\Java\jdk1.8.0_181\jre\lib\jfr.jar;C:\Program Files\Java\jdk1.8.0_181\jre\classes" />
    <property name="javac.target" value="1.8" />
    <property name="build.test.classes.dir" value="build/test/classes" />
    <property name="src.dir" value="src/java" />
    <property name="sun.awt.keepWorkingSetOnMinimize" value="true" />
    <property name="annotation.processing.enabled" value="true" />
    <property name="libs.jsf20.src" value="" />
    <property name="libs.jpa20-persistence.src" value="" />
    <property name="libs.jsf12.src" value="" />
    <property name="j2ee.platform" value="1.7-web" />
    <property name="libs.struts.javadoc" value="C:\Program Files\NetBeans-13\netbeans\enterprise\docs\struts-1.3.10-javadoc.zip" />
    <property name="web.docbase.dir" value="web" />
    <property name="libs.javaee-web-api-7.0.src" value="" />
    <property name="libs.primefaces.src" value="" />
    <property name="dist.dir" value="dist" />
    <property name="libs.groovy-all.javadoc" value="" />
    <property name="testng.debug.mode" value="" />
    <property name="libs.groovy-all.classpath" value="C:\Program Files\NetBeans-13\netbeans\groovy\modules\ext\groovy-3.0.8.jar;C:\Program Files\NetBeans-13\netbeans\groovy\modules\ext\groovy-ant-3.0.8.jar" />
    <property name="javac.fork" value="false" />
    <property name="java.awt.printerjob" value="sun.awt.windows.WPrinterJob" />
    <property name="default.javac.source" value="1.8" />
    <property name="debug-transport-by-os" value="dt_shmem" />
    <property name="sun.jnu.encoding" value="Cp1252" />
    <property name="auxiliary.org-netbeans-modules-css-prep.less_2e_mappings" value="/less:/css" />
    <property name="build.test.results.dir" value="build/test/results" />
    <property name="java.runtime.version" value="1.8.0_181-b13" />
    <property name="do.tmp.war.package.with.custom.manifest" value="true" />
    <property name="default.javac.target" value="1.8" />
    <property name="libs.junit_4.classpath" value="C:\Program Files\NetBeans-13\netbeans\platform\modules\ext\junit-4.13.2.jar" />
    <property name="user.timezone" value="" />
    <property name="nb.junit.single" value="true" />
    <property name="libs.javaee-endorsed-api-6.0.maven-pom" value="" />
    <property name="netbeans.dirs" value="C:\Program Files\NetBeans-13\netbeans\nb;C:\Program Files\NetBeans-13\netbeans\ergonomics;C:\Program Files\NetBeans-13\netbeans\ide;C:\Program Files\NetBeans-13\netbeans\extide;C:\Program Files\NetBeans-13\netbeans\java;C:\Program Files\NetBeans-13\netbeans\apisupport;C:\Program Files\NetBeans-13\netbeans\webcommon;C:\Program Files\NetBeans-13\netbeans\websvccommon;C:\Program Files\NetBeans-13\netbeans\enterprise;C:\Program Files\NetBeans-13\netbeans\mobility;C:\Program Files\NetBeans-13\netbeans\profiler;C:\Program Files\NetBeans-13\netbeans\python;C:\Program Files\NetBeans-13\netbeans\php;C:\Program Files\NetBeans-13\netbeans\identity;C:\Program Files\NetBeans-13\netbeans\harness;C:\Program Files\NetBeans-13\netbeans\cnd;C:\Program Files\NetBeans-13\netbeans\cndext;C:\Program Files\NetBeans-13\netbeans\cpplite;C:\Program Files\NetBeans-13\netbeans\dlight;C:\Program Files\NetBeans-13\netbeans\groovy;C:\Program Files\NetBeans-13\netbeans\extra;C:\Program Files\NetBeans-13\netbeans\javacard;C:\Program Files\NetBeans-13\netbeans\javafx" />
    <property name="libs.spring-framework500.maven-pom" value="" />
    <property name="libs.jsf20.javadoc" value="C:\Program Files\NetBeans-13\netbeans\enterprise\docs\javaee-doc-api.jar" />
    <property name="libs.jstl.javadoc" value="C:\Program Files\NetBeans-13\netbeans\enterprise\docs\javaee-doc-api.jar" />
    <property name="java.ext.dirs" value="C:\Program Files\Java\jdk1.8.0_181\jre\lib\ext;C:\Windows\Sun\Java\lib\ext" />
    <property name="libs.metro.src" value="" />
    <property name="endorsed.classpath" value="C:\Program Files\NetBeans-13\netbeans\enterprise\modules\ext\javaee7-endorsed\javax.annotation-api.jar;C:\Program Files\NetBeans-13\netbeans\enterprise\modules\ext\javaee7-endorsed\javax.xml.soap-api.jar;C:\Program Files\NetBeans-13\netbeans\enterprise\modules\ext\javaee7-endorsed\jaxb-api-osgi.jar;C:\Program Files\NetBeans-13\netbeans\enterprise\modules\ext\javaee7-endorsed\jaxws-api.jar;C:\Program Files\NetBeans-13\netbeans\enterprise\modules\ext\javaee7-endorsed\jsr181-api.jar" />
    <property name="libs.absolutelayout.classpath" value="C:\Program Files\NetBeans-13\netbeans\java\modules\ext\AbsoluteLayout.jar" />
    <property name="excludes" value="" />
    <property name="libs.metro.classpath" value="C:\Program Files\NetBeans-13\netbeans\ide\modules\ext\jaxb\activation.jar;C:\Program Files\NetBeans-13\netbeans\enterprise\modules\ext\metro\webservices-api.jar;C:\Program Files\NetBeans-13\netbeans\enterprise\modules\ext\metro\webservices-extra-api.jar;C:\Program Files\NetBeans-13\netbeans\enterprise\modules\ext\metro\webservices-extra.jar;C:\Program Files\NetBeans-13\netbeans\enterprise\modules\ext\metro\webservices-rt.jar;C:\Program Files\NetBeans-13\netbeans\enterprise\modules\ext\metro\webservices-tools.jar" />
    <property name="libs.restlib.maven-pom" value="" />
    <property name="file.reference.sqljdbc42.jar" value="D:\SWT\Food App\sqljdbc42.jar" />
    <property name="apple.laf.useScreenMenuBar" value="true" />
    <property name="java.class.path" value="D:\SWT\Food App\jakarta.servlet.jsp.jstl-2.0.0.jar;D:\SWT\Food App\jakarta.servlet.jsp.jstl-api-2.0.0.jar;D:\SWT\Food App\lombok.jar;D:\SWT\Food App\sqljdbc42.jar;D:\SWT\Food App\ProjectPRJ\ProjectPRJ\build\web\WEB-INF\classes;C:\Program Files\NetBeans-13\netbeans\platform\modules\ext\junit-4.13.2.jar;C:\Program Files\NetBeans-13\netbeans\platform\modules\ext\hamcrest-core-1.3.jar;D:\SWT\Food App\ProjectPRJ\ProjectPRJ\build\test\classes;C:\Program Files\Apache Software Foundation\Tomcat 10.0\lib\annotations-api.jar;C:\Program Files\Apache Software Foundation\Tomcat 10.0\lib\catalina-ant.jar;C:\Program Files\Apache Software Foundation\Tomcat 10.0\lib\catalina-ha.jar;C:\Program Files\Apache Software Foundation\Tomcat 10.0\lib\catalina-ssi.jar;C:\Program Files\Apache Software Foundation\Tomcat 10.0\lib\catalina-storeconfig.jar;C:\Program Files\Apache Software Foundation\Tomcat 10.0\lib\catalina-tribes.jar;C:\Program Files\Apache Software Foundation\Tomcat 10.0\lib\catalina.jar;C:\Program Files\Apache Software Foundation\Tomcat 10.0\lib\ecj-4.20.jar;C:\Program Files\Apache Software Foundation\Tomcat 10.0\lib\el-api.jar;C:\Program Files\Apache Software Foundation\Tomcat 10.0\lib\jakartaee-migration-1.0.4-shaded.jar;C:\Program Files\Apache Software Foundation\Tomcat 10.0\lib\jasper-el.jar;C:\Program Files\Apache Software Foundation\Tomcat 10.0\lib\jasper.jar;C:\Program Files\Apache Software Foundation\Tomcat 10.0\lib\jaspic-api.jar;C:\Program Files\Apache Software Foundation\Tomcat 10.0\lib\jsp-api.jar;C:\Program Files\Apache Software Foundation\Tomcat 10.0\lib\servlet-api.jar;C:\Program Files\Apache Software Foundation\Tomcat 10.0\lib\tomcat-api.jar;C:\Program Files\Apache Software Foundation\Tomcat 10.0\lib\tomcat-coyote.jar;C:\Program Files\Apache Software Foundation\Tomcat 10.0\lib\tomcat-dbcp.jar;C:\Program Files\Apache Software Foundation\Tomcat 10.0\lib\tomcat-i18n-cs.jar;C:\Program Files\Apache Software Foundation\Tomcat 10.0\lib\tomcat-i18n-de.jar;C:\Program Files\Apache Software Foundation\Tomcat 10.0\lib\tomcat-i18n-es.jar;C:\Program Files\Apache Software Foundation\Tomcat 10.0\lib\tomcat-i18n-fr.jar;C:\Program Files\Apache Software Foundation\Tomcat 10.0\lib\tomcat-i18n-ja.jar;C:\Program Files\Apache Software Foundation\Tomcat 10.0\lib\tomcat-i18n-ko.jar;C:\Program Files\Apache Software Foundation\Tomcat 10.0\lib\tomcat-i18n-pt-BR.jar;C:\Program Files\Apache Software Foundation\Tomcat 10.0\lib\tomcat-i18n-ru.jar;C:\Program Files\Apache Software Foundation\Tomcat 10.0\lib\tomcat-i18n-zh-CN.jar;C:\Program Files\Apache Software Foundation\Tomcat 10.0\lib\tomcat-jdbc.jar;C:\Program Files\Apache Software Foundation\Tomcat 10.0\lib\tomcat-jni.jar;C:\Program Files\Apache Software Foundation\Tomcat 10.0\lib\tomcat-util-scan.jar;C:\Program Files\Apache Software Foundation\Tomcat 10.0\lib\tomcat-util.jar;C:\Program Files\Apache Software Foundation\Tomcat 10.0\lib\tomcat-websocket.jar;C:\Program Files\Apache Software Foundation\Tomcat 10.0\lib\websocket-api.jar;C:\Program Files\NetBeans-13\netbeans\extide\ant\lib\ant-launcher.jar;C:\Program Files\NetBeans-13\netbeans\extide\ant\lib\ant.jar;C:\Program Files\NetBeans-13\netbeans\extide\ant\lib\ant-junit.jar;C:\Program Files\NetBeans-13\netbeans\extide\ant\lib\ant-junit4.jar" />
    <property name="libs.absolutelayout.src" value="" />
    <property name="libs.jakartaee-api-9.0.maven-pom" value="" />
    <property name="libs.jpa20-persistence.classpath" value="C:\Program Files\NetBeans-13\netbeans\java\modules\ext\eclipselink\javax.persistence-2.2.1.jar" />
    <property name="libs.junit_5.javadoc" value="C:\Program Files\NetBeans-13\netbeans\platform\docs\junit-jupiter-api-5.6.0-javadoc.jar;C:\Program Files\NetBeans-13\netbeans\platform\docs\junit-jupiter-params-5.6.0-javadoc.jar;C:\Program Files\NetBeans-13\netbeans\platform\docs\junit-jupiter-engine-5.6.0-javadoc.jar" />
    <property name="libs.spring-framework500.src" value="" />
    <property name="j2ee.server.type" value="Tomcat" />
    <property name="os.version" value="10.0" />
    <property name="libs.jakartaee-api-8.0.javadoc" value="C:\Program Files\NetBeans-13\netbeans\enterprise\docs\jakartaee8-doc-api.jar" />
    <property name="libs.javaee-api-7.0.maven-pom" value="" />
    <property name="sun.awt.enableExtraMouseButtons" value="true" />
    <property name="sun.desktop" value="windows" />
    <property name="libs.restlib.javadoc" value="" />
    <property name="war.content.additional" value="" />
    <property name="libs.JAXB-ENDORSED.classpath" value="C:\Program Files\NetBeans-13\netbeans\ide\modules\ext\jaxb\api\jaxb-api.jar" />
    <property name="nb.internal.action.name" value="run.single.method" />
    <property name="j2ee.platform.embeddableejb.classpath" value="" />
    <property name="forceRedeploy" value="false" />
    <property name="libs.javaee-api-7.0.javadoc" value="C:\Program Files\NetBeans-13\netbeans\enterprise\docs\javaee-doc-api.jar" />
    <property name="libs.eclipselink.classpath" value="C:\Program Files\NetBeans-13\netbeans\java\modules\ext\eclipselink\org.eclipse.persistence.core-2.7.9.jar;C:\Program Files\NetBeans-13\netbeans\java\modules\ext\eclipselink\org.eclipse.persistence.asm-9.1.0.jar;C:\Program Files\NetBeans-13\netbeans\java\modules\ext\eclipselink\org.eclipse.persistence.antlr-2.7.9.jar;C:\Program Files\NetBeans-13\netbeans\java\modules\ext\eclipselink\org.eclipse.persistence.jpa-2.7.9.jar;C:\Program Files\NetBeans-13\netbeans\java\modules\ext\eclipselink\org.eclipse.persistence.jpa.jpql-2.7.9.jar;C:\Program Files\NetBeans-13\netbeans\java\modules\ext\eclipselink\org.eclipse.persistence.moxy-2.7.9.jar;C:\Program Files\NetBeans-13\netbeans\java\modules\ext\eclipselink\javax.persistence-2.2.1.jar" />
    <property name="java.awt.graphicsenv" value="sun.awt.Win32GraphicsEnvironment" />
    <property name="java.vm.vendor" value="Oracle Corporation" />
    <property name="libs.CopyLibs.classpath" value="C:\Program Files\NetBeans-13\netbeans\java\ant\extra\org-netbeans-modules-java-j2seproject-copylibstask.jar" />
    <property name="libs.javaee-api-8.0.src" value="" />
    <property name="libs.spring-framework300.classpath" value="C:\Program Files\NetBeans-13\netbeans\platform\modules\org-apache-commons-logging.jar;C:\Program Files\NetBeans-13\netbeans\java\modules\ext\cglib-2.2.jar;C:\Program Files\NetBeans-13\netbeans\java\modules\ext\spring-3.0\spring-aop-3.2.18.RELEASE.jar;C:\Program Files\NetBeans-13\netbeans\java\modules\ext\spring-3.0\spring-aspects-3.2.18.RELEASE.jar;C:\Program Files\NetBeans-13\netbeans\java\modules\ext\spring-3.0\spring-beans-3.2.18.RELEASE.jar;C:\Program Files\NetBeans-13\netbeans\java\modules\ext\spring-3.0\spring-context-3.2.18.RELEASE.jar;C:\Program Files\NetBeans-13\netbeans\java\modules\ext\spring-3.0\spring-context-support-3.2.18.RELEASE.jar;C:\Program Files\NetBeans-13\netbeans\java\modules\ext\spring-3.0\spring-core-3.2.18.RELEASE.jar;C:\Program Files\NetBeans-13\netbeans\java\modules\ext\spring-3.0\spring-expression-3.2.18.RELEASE.jar;C:\Program Files\NetBeans-13\netbeans\java\modules\ext\spring-3.0\spring-instrument-3.2.18.RELEASE.jar;C:\Program Files\NetBeans-13\netbeans\java\modules\ext\spring-3.0\spring-instrument-tomcat-3.2.18.RELEASE.jar;C:\Program Files\NetBeans-13\netbeans\java\modules\ext\spring-3.0\spring-jdbc-3.2.18.RELEASE.jar;C:\Program Files\NetBeans-13\netbeans\java\modules\ext\spring-3.0\spring-jms-3.2.18.RELEASE.jar;C:\Program Files\NetBeans-13\netbeans\java\modules\ext\spring-3.0\spring-orm-3.2.18.RELEASE.jar;C:\Program Files\NetBeans-13\netbeans\java\modules\ext\spring-3.0\spring-oxm-3.2.18.RELEASE.jar;C:\Program Files\NetBeans-13\netbeans\java\modules\ext\spring-3.0\spring-struts-3.2.18.RELEASE.jar;C:\Program Files\NetBeans-13\netbeans\java\modules\ext\spring-3.0\spring-test-3.2.18.RELEASE.jar;C:\Program Files\NetBeans-13\netbeans\java\modules\ext\spring-3.0\spring-tx-3.2.18.RELEASE.jar;C:\Program Files\NetBeans-13\netbeans\java\modules\ext\spring-3.0\spring-web-3.2.18.RELEASE.jar;C:\Program Files\NetBeans-13\netbeans\java\modules\ext\spring-3.0\spring-webmvc-3.2.18.RELEASE.jar;C:\Program Files\NetBeans-13\netbeans\java\modules\ext\spring-3.0\spring-webmvc-portlet-3.2.18.RELEASE.jar" />
    <property name="libs.jsp-compiler.maven-pom" value="" />
    <property name="libs.junit_5.maven-pom" value="" />
    <property name="libs.hamcrest.src" value="" />
    <property name="libs.JAXB-ENDORSED.src" value="" />
    <property name="dist.archive.excludes" value="" />
    <property name="libs.testng.javadoc" value="C:\Program Files\NetBeans-13\netbeans\platform\docs\testng-6.13.1-javadoc.jar" />
    <property name="user.script" value="" />
    <property name="libs.PostgreSQLDriver.classpath" value="C:\Program Files\NetBeans-13\netbeans\ide\modules\ext\postgresql-42.2.16.jar" />
    <property name="libs.jsf12.maven-pom" value="" />
    <property name="annotation.processing.source.output" value="build/generated-sources/ap-source-output" />
    <property name="libs.CopyLibs.src" value="" />
    <property name="build.dir" value="build" />
    <property name="libs.jsp-compilation.classpath" value="C:\Program Files\NetBeans-13\netbeans\extide\ant\lib\ant.jar;C:\Program Files\NetBeans-13\netbeans\enterprise\modules\ext\servlet3.1-jsp2.3-api.jar;C:\Program Files\NetBeans-13\netbeans\enterprise\modules\ext\glassfish-jspparser-4.0.jar;C:\Program Files\NetBeans-13\netbeans\enterprise\modules\ext\jsf-2_2\javax.faces.jar;C:\Program Files\NetBeans-13\netbeans\enterprise\modules\ext\jstl-api.jar;C:\Program Files\NetBeans-13\netbeans\extide\ant\lib\ant-launcher.jar" />
    <property name="libs.javaee-web-api-8.0.javadoc" value="C:\Program Files\NetBeans-13\netbeans\enterprise\docs\javaee-doc-api.jar" />
    <property name="ant.version" value="Apache Ant(TM) version 1.10.8 compiled on May 10 2020" />
    <property name="selected.browser" value="default" />
    <property name="file.encoding" value="Cp1252" />
    <property name="build.classes.excludes" value="**/*.java,**/*.form" />
    <property name="jdkBug6558476" value="false" />
    <property name="javadoc.nonavbar" value="false" />
    <property name="auxiliary.org-netbeans-modules-css-prep.less_2e_compiler_2e_options" value="" />
    <property name="libs.spring-webmvc4.0.classpath" value="C:\Program Files\NetBeans-13\netbeans\java\modules\ext\spring-4\spring-webmvc-4.3.29.RELEASE.jar" />
    <property name="platform.active" value="default_platform" />
    <property name="libs.javaee-web-api-8.0.maven-pom" value="" />
    <property name="awt.toolkit" value="sun.awt.windows.WToolkit" />
    <property name="war.ear.name" value="ProjectPRJ.war" />
    <property name="libs.javaee-web-api-7.0.javadoc" value="C:\Program Files\NetBeans-13\netbeans\enterprise\docs\javaee-doc-api.jar" />
  </properties>
  <testcase classname="dal.UserDAOTest" name="testExistedUs" time="0.438">
    <failure message="expected:&lt;t[u]ng&gt; but was:&lt;t[ruo]ng&gt;" type="junit.framework.AssertionFailedError">junit.framework.AssertionFailedError: expected:&lt;t[u]ng&gt; but was:&lt;t[ruo]ng&gt;
	at dal.UserDAOTest.testExistedUs(UserDAOTest.java:81)
</failure>
  </testcase>
  <system-out><![CDATA[existedUs
]]></system-out>
  <system-err><![CDATA[]]></system-err>
</testsuite>
